<?xml version="1.0" encoding="UTF-8"?>
<!-- Generated by org.testng.reporters.JUnitReportReporter -->
<testsuite hostname="sys" failures="0" tests="1" name="TEST.login" time="7.576" errors="0" timestamp="2024-03-13T21:28:54 IST" skipped="0">
  <testcase classname="TEST.login" name="f" time="7.576"/>
  <system-out/>
</testsuite> <!-- TEST.login -->
